---------------------------------------------------------------
[ 2018-09-02T01:13:27+08:00 ] 127.0.0.1 GET /index/index/details.html?id=9
[ info ] www.blog.com/index/index/details.html?id=9 [运行时间：0.081383s][吞吐率：12.29req/s] [内存消耗：2,043.79kb] [文件加载：79]
[ info ] [ LANG ] C:\wamp\www\new\admin\thinkphp\lang\zh-cn.php
[ info ] [ ROUTE ] array (
)
[ info ] [ HEADER ] array (
  'host' => 'www.blog.com',
  'connection' => 'keep-alive',
  'cache-control' => 'max-age=0',
  'upgrade-insecure-requests' => '1',
  'user-agent' => 'Mozilla/5.0 (Windows NT 10.0; Win64; x64) AppleWebKit/537.36 (KHTML, like Gecko) Chrome/68.0.3440.106 Safari/537.36',
  'accept' => 'text/html,application/xhtml+xml,application/xml;q=0.9,image/webp,image/apng,*/*;q=0.8',
  'referer' => 'http://www.blog.com/index/index/index.html',
  'accept-encoding' => 'gzip, deflate',
  'accept-language' => 'zh-CN,zh;q=0.9',
  'cookie' => 'UM_distinctid=165553793eb0-0bddec284aa2ef-9393265-e1000-165553793ec2c5; CNZZDATA1260363967=2046023040-1535432231-%7C1535781810',
)
[ info ] [ PARAM ] array (
  'id' => '9',
)
[ info ] [ DB ] INIT mysql
[ info ] [ VIEW ] C:\wamp\www\new\admin\application\index\view\index\details.html [ array (
  0 => 'web',
  1 => 'article',
  2 => 'comment',
) ]
[ info ] [ LOG ] INIT File
[ sql ] [ DB ] CONNECT:[ UseTime:0.006964s ] mysql:host=127.0.0.1;dbname=blog;charset=utf8
[ sql ] [ SQL ] SHOW COLUMNS FROM `blue_post` [ RunTime:0.003809s ]
[ sql ] [ SQL ] SELECT * FROM `blue_post` WHERE  `id` = 9 LIMIT 1 [ RunTime:0.001310s ]
[ sql ] [ SQL ] UPDATE `blue_post`  SET `hit` = `hit` + 1 , `update_time` = '1535822007'  WHERE  `id` = 9 [ RunTime:0.005272s ]
[ sql ] [ SQL ] SHOW COLUMNS FROM `blue_web` [ RunTime:0.001616s ]
[ sql ] [ SQL ] SELECT * FROM `blue_web` [ RunTime:0.000911s ]
[ sql ] [ SQL ] SELECT * FROM `blue_post` WHERE  `status` = 1  AND `id` = 9 [ RunTime:0.001078s ]
[ sql ] [ SQL ] SHOW COLUMNS FROM `blue_blog_log` [ RunTime:0.001255s ]
[ sql ] [ SQL ] SELECT * FROM `blue_blog_log` WHERE  `ip` = '127.0.0.1'  AND `do` = '点赞'  AND `pid` = 9 [ RunTime:0.000941s ]
[ sql ] [ SQL ] SHOW COLUMNS FROM `blue_comment` [ RunTime:0.001130s ]
[ sql ] [ SQL ] SELECT * FROM `blue_comment` WHERE  `pid` = 9  AND `status` = 1 [ RunTime:0.000866s ]
---------------------------------------------------------------
[ 2018-09-02T01:13:27+08:00 ] 127.0.0.1 GET /index/index/static/layui/res/static/images/item.png
[ info ] www.blog.com/index/index/static/layui/res/static/images/item.png [运行时间：0.050516s][吞吐率：19.80req/s] [内存消耗：653.07kb] [文件加载：60]
[ info ] [ LANG ] C:\wamp\www\new\admin\thinkphp\lang\zh-cn.php
[ info ] [ ROUTE ] array (
)
[ info ] [ HEADER ] array (
  'host' => 'www.blog.com',
  'connection' => 'keep-alive',
  'user-agent' => 'Mozilla/5.0 (Windows NT 10.0; Win64; x64) AppleWebKit/537.36 (KHTML, like Gecko) Chrome/68.0.3440.106 Safari/537.36',
  'accept' => 'image/webp,image/apng,image/*,*/*;q=0.8',
  'referer' => 'http://www.blog.com/index/index/details.html?id=9',
  'accept-encoding' => 'gzip, deflate',
  'accept-language' => 'zh-CN,zh;q=0.9',
  'cookie' => 'UM_distinctid=165553793eb0-0bddec284aa2ef-9393265-e1000-165553793ec2c5; CNZZDATA1260363967=2046023040-1535432231-%7C1535781810',
)
[ info ] [ PARAM ] array (
  'layui' => 'res',
  'static' => 'images',
)
[ info ] [ LOG ] INIT File
